<?xml version="1.0" encoding="UTF-8"?>
<coverage generated="1700411008572" clover="3.2.0">
  <project timestamp="1700411008573" name="All files">
    <metrics statements="17" coveredstatements="17" conditionals="7" coveredconditionals="7" methods="5" coveredmethods="5" elements="29" coveredelements="29" complexity="0" loc="17" ncloc="17" packages="1" files="1" classes="1"/>
    <file name="passwordCheker.ts" path="/home/hussein/UnitTesting/Udemy course/MyTestProject/src/app/passwordChecker/passwordCheker.ts">
      <metrics statements="17" coveredstatements="17" conditionals="7" coveredconditionals="7" methods="5" coveredmethods="5"/>
      <line num="2" count="1" type="cond" truecount="2" falsecount="0"/>
      <line num="3" count="1" type="stmt"/>
      <line num="4" count="1" type="stmt"/>
      <line num="5" count="1" type="stmt"/>
      <line num="6" count="1" type="stmt"/>
      <line num="15" count="1" type="stmt"/>
      <line num="18" count="6" type="stmt"/>
      <line num="20" count="6" type="stmt"/>
      <line num="21" count="6" type="stmt"/>
      <line num="22" count="6" type="stmt"/>
      <line num="23" count="6" type="stmt"/>
      <line num="33" count="6" type="cond" truecount="1" falsecount="0"/>
      <line num="34" count="3" type="stmt"/>
      <line num="39" count="6" type="cond" truecount="1" falsecount="0"/>
      <line num="40" count="2" type="stmt"/>
      <line num="45" count="6" type="cond" truecount="1" falsecount="0"/>
      <line num="46" count="2" type="stmt"/>
    </file>
  </project>
</coverage>
