{"/home/hussein/UnitTesting/Udemy course/MyTestProject/src/app/passwordChecker/passwordCheker.ts": {"path":"/home/hussein/UnitTesting/Udemy course/MyTestProject/src/app/passwordChecker/passwordCheker.ts","statementMap":{"0":{"start":{"line":2,"column":0},"end":{"line":2,"column":null}},"1":{"start":{"line":3,"column":4},"end":{"line":3,"column":null}},"2":{"start":{"line":4,"column":4},"end":{"line":4,"column":null}},"3":{"start":{"line":5,"column":4},"end":{"line":5,"column":null}},"4":{"start":{"line":6,"column":4},"end":{"line":6,"column":null}},"5":{"start":{"line":18,"column":40},"end":{"line":18,"column":42}},"6":{"start":{"line":20,"column":8},"end":{"line":20,"column":47}},"7":{"start":{"line":21,"column":8},"end":{"line":21,"column":50}},"8":{"start":{"line":22,"column":8},"end":{"line":22,"column":50}},"9":{"start":{"line":23,"column":8},"end":{"line":26,"column":10}},"10":{"start":{"line":33,"column":8},"end":{"line":35,"column":null}},"11":{"start":{"line":34,"column":12},"end":{"line":34,"column":47}},"12":{"start":{"line":39,"column":8},"end":{"line":41,"column":null}},"13":{"start":{"line":40,"column":12},"end":{"line":40,"column":55}},"14":{"start":{"line":45,"column":8},"end":{"line":47,"column":null}},"15":{"start":{"line":46,"column":12},"end":{"line":46,"column":55}},"16":{"start":{"line":15,"column":0},"end":{"line":15,"column":13}}},"fnMap":{"0":{"name":"(anonymous_0)","decl":{"start":{"line":2,"column":0},"end":{"line":2,"column":12}},"loc":{"start":{"line":2,"column":26},"end":{"line":7,"column":1}}},"1":{"name":"(anonymous_1)","decl":{"start":{"line":17,"column":11},"end":{"line":17,"column":24}},"loc":{"start":{"line":17,"column":41},"end":{"line":28,"column":5}}},"2":{"name":"(anonymous_2)","decl":{"start":{"line":32,"column":12},"end":{"line":32,"column":26}},"loc":{"start":{"line":32,"column":70},"end":{"line":36,"column":5}}},"3":{"name":"(anonymous_3)","decl":{"start":{"line":38,"column":12},"end":{"line":38,"column":29}},"loc":{"start":{"line":38,"column":73},"end":{"line":42,"column":5}}},"4":{"name":"(anonymous_4)","decl":{"start":{"line":44,"column":12},"end":{"line":44,"column":29}},"loc":{"start":{"line":44,"column":73},"end":{"line":48,"column":5}}}},"branchMap":{"0":{"loc":{"start":{"line":2,"column":12},"end":{"line":2,"column":null}},"type":"binary-expr","locations":[{"start":{"line":2,"column":12},"end":{"line":2,"column":26}},{"start":{"line":2,"column":26},"end":{"line":2,"column":null}}]},"1":{"loc":{"start":{"line":24,"column":19},"end":{"line":24,"column":52}},"type":"cond-expr","locations":[{"start":{"line":24,"column":40},"end":{"line":24,"column":45}},{"start":{"line":24,"column":48},"end":{"line":24,"column":52}}]},"2":{"loc":{"start":{"line":33,"column":8},"end":{"line":35,"column":null}},"type":"if","locations":[{"start":{"line":33,"column":8},"end":{"line":35,"column":null}}]},"3":{"loc":{"start":{"line":39,"column":8},"end":{"line":41,"column":null}},"type":"if","locations":[{"start":{"line":39,"column":8},"end":{"line":41,"column":null}}]},"4":{"loc":{"start":{"line":45,"column":8},"end":{"line":47,"column":null}},"type":"if","locations":[{"start":{"line":45,"column":8},"end":{"line":47,"column":null}}]}},"s":{"0":1,"1":1,"2":1,"3":1,"4":1,"5":6,"6":6,"7":6,"8":6,"9":6,"10":6,"11":3,"12":6,"13":2,"14":6,"15":2,"16":1},"f":{"0":1,"1":6,"2":6,"3":6,"4":6},"b":{"0":[1,1],"1":[3,3],"2":[3],"3":[2],"4":[2]}}
}
