TN:
SF:src/app/passwordChecker/passwordCheker.ts
FN:2,(anonymous_0)
FN:17,(anonymous_1)
FN:32,(anonymous_2)
FN:38,(anonymous_3)
FN:44,(anonymous_4)
FNF:5
FNH:5
FNDA:1,(anonymous_0)
FNDA:6,(anonymous_1)
FNDA:6,(anonymous_2)
FNDA:6,(anonymous_3)
FNDA:6,(anonymous_4)
DA:2,1
DA:3,1
DA:4,1
DA:5,1
DA:6,1
DA:15,1
DA:18,6
DA:20,6
DA:21,6
DA:22,6
DA:23,6
DA:33,6
DA:34,3
DA:39,6
DA:40,2
DA:45,6
DA:46,2
LF:17
LH:17
BRDA:2,0,0,1
BRDA:2,0,1,1
BRDA:24,1,0,3
BRDA:24,1,1,3
BRDA:33,2,0,3
BRDA:39,3,0,2
BRDA:45,4,0,2
BRF:7
BRH:7
end_of_record
